[2025-08-25 02:07:33,283] DEBUG: [System] RulesEngine инициализирован.
[2025-08-25 02:07:33,573] DEBUG: [System] Добавлено правило: fact_rule_long
[2025-08-25 02:07:33,573] DEBUG: [System] Добавлено правило: fact_rule_short
[2025-08-25 02:07:33,574] DEBUG: [System] Добавлено правило: question_rule
[2025-08-25 02:11:08,888] DEBUG: [System] RulesEngine инициализирован.
[2025-08-25 02:11:08,888] DEBUG: [System] Добавлено правило: fact_rule_long
[2025-08-25 02:11:08,888] DEBUG: [System] Добавлено правило: fact_rule_short
[2025-08-25 02:11:08,888] DEBUG: [System] Добавлено правило: question_rule
[2025-08-25 02:13:41,798] DEBUG: [System] RulesEngine инициализирован.
[2025-08-25 02:13:41,798] DEBUG: [System] Добавлено правило: fact_rule_long
[2025-08-25 02:13:41,798] DEBUG: [System] Добавлено правило: fact_rule_short
[2025-08-25 02:13:41,798] DEBUG: [System] Добавлено правило: question_rule
[2025-08-25 02:14:26,254] DEBUG: [System] RulesEngine инициализирован.
[2025-08-25 02:14:26,254] DEBUG: [System] Добавлено правило: fact_rule_long
[2025-08-25 02:14:26,254] DEBUG: [System] Добавлено правило: fact_rule_short
[2025-08-25 02:14:26,254] DEBUG: [System] Добавлено правило: question_rule
[2025-08-25 02:17:56,472] DEBUG: [System] RulesEngine инициализирован.
[2025-08-25 02:17:56,472] DEBUG: [System] Добавлено правило: fact_rule_long
[2025-08-25 02:17:56,472] DEBUG: [System] Добавлено правило: fact_rule_short
[2025-08-25 02:17:56,473] DEBUG: [System] Добавлено правило: question_rule
[2025-08-25 02:21:48,215] DEBUG: [System] RulesEngine инициализирован.
[2025-08-25 02:21:48,215] DEBUG: [System] Добавлено правило: fact_rule_long
[2025-08-25 02:21:48,216] DEBUG: [System] Добавлено правило: fact_rule_short
[2025-08-25 02:21:48,216] DEBUG: [System] Добавлено правило: question_rule
[2025-08-25 02:22:44,083] DEBUG: [System] RulesEngine инициализирован.
[2025-08-25 02:22:44,083] DEBUG: [System] Добавлено правило: fact_rule_long
[2025-08-25 02:22:44,083] DEBUG: [System] Добавлено правило: fact_rule_short
[2025-08-25 02:22:44,083] DEBUG: [System] Добавлено правило: question_rule
[2025-08-25 02:24:27,423] DEBUG: [System] RulesEngine инициализирован.
[2025-08-25 02:24:27,423] DEBUG: [System] Добавлено правило: fact_rule_long
[2025-08-25 02:24:27,423] DEBUG: [System] Добавлено правило: fact_rule_short
[2025-08-25 02:24:27,423] DEBUG: [System] Добавлено правило: question_rule
[2025-08-25 02:25:20,008] DEBUG: [System] RulesEngine инициализирован.
[2025-08-25 02:25:20,008] DEBUG: [System] Добавлено правило: fact_rule_long
[2025-08-25 02:25:20,008] DEBUG: [System] Добавлено правило: fact_rule_short
[2025-08-25 02:25:20,008] DEBUG: [System] Добавлено правило: question_rule
[2025-08-25 02:25:21,200] DEBUG: [System] RulesEngine инициализирован.
[2025-08-25 02:25:21,200] DEBUG: [System] Добавлено правило: fact_rule_long
[2025-08-25 02:25:21,200] DEBUG: [System] Добавлено правило: fact_rule_short
[2025-08-25 02:25:21,200] DEBUG: [System] Добавлено правило: question_rule
[2025-08-25 02:25:21,859] DEBUG: [System] RulesEngine инициализирован.
[2025-08-25 02:25:21,860] DEBUG: [System] Добавлено правило: fact_rule_long
[2025-08-25 02:25:21,860] DEBUG: [System] Добавлено правило: fact_rule_short
[2025-08-25 02:25:21,860] DEBUG: [System] Добавлено правило: question_rule
[2025-08-25 02:25:25,999] DEBUG: [System] RulesEngine инициализирован.
[2025-08-25 02:25:25,999] DEBUG: [System] Добавлено правило: fact_rule_long
[2025-08-25 02:25:25,999] DEBUG: [System] Добавлено правило: fact_rule_short
[2025-08-25 02:25:25,999] DEBUG: [System] Добавлено правило: question_rule
[2025-08-25 02:27:15,222] DEBUG: [System] RulesEngine инициализирован.
[2025-08-25 02:27:15,223] DEBUG: [System] Добавлено правило: fact_rule_long
[2025-08-25 02:27:15,223] DEBUG: [System] Добавлено правило: fact_rule_short
[2025-08-25 02:27:15,223] DEBUG: [System] Добавлено правило: question_rule
[2025-08-25 02:27:19,736] DEBUG: [System] RulesEngine инициализирован.
[2025-08-25 02:27:19,736] DEBUG: [System] Добавлено правило: fact_rule_long
[2025-08-25 02:27:19,736] DEBUG: [System] Добавлено правило: fact_rule_short
[2025-08-25 02:27:19,736] DEBUG: [System] Добавлено правило: question_rule
[2025-08-25 02:29:22,827] DEBUG: [System] RulesEngine инициализирован.
[2025-08-25 02:29:22,828] DEBUG: [System] Добавлено правило: fact_rule_long
[2025-08-25 02:29:22,828] DEBUG: [System] Добавлено правило: fact_rule_short
[2025-08-25 02:29:22,828] DEBUG: [System] Добавлено правило: question_rule
[2025-08-25 02:29:22,832] DEBUG: [System] Токенизатор инициализирован.
[2025-08-25 02:29:22,832] DEBUG: [System] Токенизатор инициализирован.
[2025-08-25 02:29:22,833] DEBUG: [System] Парсер инициализирован.
[2025-08-25 02:29:22,833] DEBUG: [System] Классификатор инициализирован.
[2025-08-25 02:29:22,833] DEBUG: [System] Классификатор инициализирован.
[2025-08-25 02:29:22,833] DEBUG: [System] Токенизатор инициализирован.
[2025-08-25 02:29:23,127] DEBUG: [Memory] Загружено фактов: 32
[2025-08-25 02:29:23,129] DEBUG: [Memory] Загружено знаний: 0
[2025-08-25 02:29:23,129] INFO: [Memory] Память загружена. Фактов: 32, Знаний: 0
[2025-08-25 02:29:23,130] DEBUG: [System] Токенизатор инициализирован.
[2025-08-25 02:29:23,130] DEBUG: [System] Классификатор инициализирован.
[2025-08-25 02:29:23,130] DEBUG: [System] Классификатор инициализирован.
[2025-08-25 02:29:23,131] DEBUG: [System] Токенизатор инициализирован.
[2025-08-25 02:29:23,131] DEBUG: [Memory] Загружено фактов: 32
[2025-08-25 02:29:23,131] DEBUG: [Memory] Загружено знаний: 0
[2025-08-25 02:29:23,131] INFO: [Memory] Память загружена. Фактов: 32, Знаний: 0
[2025-08-25 02:29:23,131] DEBUG: [System] Модуль Curiosity инициализирован.
[2025-08-25 02:29:23,137] DEBUG: [System] Загружено фраз: 10 из C:\Users\Danil\Desktop\PyGame\Endi-IA\v0.03-разрабатывается\data\curiosity.json
[2025-08-25 02:29:23,138] DEBUG: [System] Любознательность сохранена в C:\Users\Danil\Desktop\PyGame\Endi-IA\v0.03-разрабатывается\data\curiosity.json
[2025-08-25 02:29:23,138] DEBUG: [System] Генератор инициализирован. Память: есть
[2025-08-25 02:29:23,139] DEBUG: [System] Мета-журнал инициализирован. Путь: C:\Users\Danil\Desktop\PyGame\Endi-IA\v0.03-разрабатывается\data\logs\meta_log.txt
[2025-08-25 02:29:23,139] DEBUG: [System] Planner инициализирован.
[2025-08-25 02:29:23,196] DEBUG: [System] Модуль SpellCorrector инициализирован.
[2025-08-25 02:29:23,196] DEBUG: [System] SelfReporter инициализирован. Путь: C:\Users\Danil\Desktop\PyGame\Endi-IA\v0.03-разрабатывается\data\logs\self_report.txt
[2025-08-25 02:29:23,196] DEBUG: [System] Мета-журнал инициализирован. Путь: C:\Users\Danil\Desktop\PyGame\Endi-IA\v0.03-разрабатывается\data\logs\meta_log.txt
[2025-08-25 02:29:23,197] DEBUG: [System] Trainer инициализирован.
[2025-08-25 02:29:23,197] INFO: [System] Консоль инициализирована. Версия: 0.0.3
[2025-08-25 02:29:28,441] DEBUG: [System] Токенизация завершена: ['привет']
[2025-08-25 02:29:28,441] DEBUG: [System] Парсер: текст='привет', токенов=1
[2025-08-25 02:29:28,444] DEBUG: [System] Классификация: PhraseType.UNKNOWN
[2025-08-25 02:29:28,444] ERROR: [Memory] Ошибка при обработке текста: 'Phrase' object has no attribute 'strip'
Traceback (most recent call last):
  File "C:\Users\Danil\Desktop\PyGame\Endi-IA\v0.03-разрабатывается\core\memory\memory.py", line 154, in add_fact_from_text
    phrase_type = self.classifier.classify(text)
  File "C:\Users\Danil\Desktop\PyGame\Endi-IA\v0.03-разрабатывается\core\processor\classifier.py", line 15, in classify
    lowered = text.strip().lower()
AttributeError: 'Phrase' object has no attribute 'strip'
[2025-08-25 02:29:28,444] DEBUG: [System] Токенизация завершена: ['привет']
[2025-08-25 02:29:28,444] WARNING: [System] Непонятная фраза: привет
[2025-08-25 02:29:28,445] DEBUG: [System] Лог: Неопознанная фраза добавлена в любознательность
[2025-08-25 02:29:28,445] DEBUG: [System] Запись добавлена в мета-журнал: Я не понял фразу: 'привет'
[2025-08-25 02:29:28,445] DEBUG: [System] Запись добавлена в мета-журнал: Ты можешь объяснить, что значит: 'привет'?
[2025-08-25 02:29:28,446] DEBUG: [System] Запись добавлена в мета-журнал: Цель: Ты можешь объяснить, что значит: 'привет'?
[2025-08-25 02:29:28,446] INFO: [System] Ответ: Я пока не знаю, как на это ответить.
[2025-08-25 02:29:28,446] DEBUG: [System] Лог: Ответ: Я пока не знаю, как на это ответить.
[2025-08-25 02:29:28,446] DEBUG: [System] Запись добавлена в мета-журнал: Я ответил: Я пока не знаю, как на это ответить.
[2025-08-25 02:29:28,447] DEBUG: [System] Любознательность сохранена в C:\Users\Danil\Desktop\PyGame\Endi-IA\v0.03-разрабатывается\data\curiosity.json
[2025-08-25 02:29:28,451] DEBUG: [System] Ответ: Я пока не знаю, как на это ответить.
[2025-08-25 02:29:33,512] DEBUG: [System] Токенизация завершена: ['кто', 'такой', 'я']
[2025-08-25 02:29:33,513] DEBUG: [System] Парсер: текст='кто такой я', токенов=3
[2025-08-25 02:29:33,513] DEBUG: [System] Классификация: PhraseType.QUESTION
[2025-08-25 02:29:33,513] ERROR: [Memory] Ошибка при обработке текста: 'Phrase' object has no attribute 'strip'
Traceback (most recent call last):
  File "C:\Users\Danil\Desktop\PyGame\Endi-IA\v0.03-разрабатывается\core\memory\memory.py", line 154, in add_fact_from_text
    phrase_type = self.classifier.classify(text)
  File "C:\Users\Danil\Desktop\PyGame\Endi-IA\v0.03-разрабатывается\core\processor\classifier.py", line 15, in classify
    lowered = text.strip().lower()
AttributeError: 'Phrase' object has no attribute 'strip'
[2025-08-25 02:29:33,513] DEBUG: [System] Токенизация завершена: ['кто', 'такой', 'я']
[2025-08-25 02:29:33,513] DEBUG: [System] Применено правило: question_rule
[2025-08-25 02:29:33,513] INFO: [System] Обнаружен вопрос: кто такой я
[2025-08-25 02:29:33,514] DEBUG: [System] Запись добавлена в мета-журнал: Обнаружен вопрос: кто такой я
[2025-08-25 02:29:33,514] DEBUG: [System] Запись добавлена в мета-журнал: Цель: Что значит: 'кто такой я'
[2025-08-25 02:29:33,514] INFO: [System] Ответ найден в памяти по ключевому слову 'я'.
[2025-08-25 02:29:33,514] INFO: [System] Ответ: Вот что я нашёл в своей памяти: деревья — могут — гореть
[2025-08-25 02:29:33,514] DEBUG: [System] Лог: Ответ: Вот что я нашёл в своей памяти: деревья — могут — гореть
[2025-08-25 02:29:33,551] DEBUG: [System] Запись добавлена в мета-журнал: Я ответил: Вот что я нашёл в своей памяти: деревья — могут — гореть
[2025-08-25 02:29:33,552] DEBUG: [System] Любознательность сохранена в C:\Users\Danil\Desktop\PyGame\Endi-IA\v0.03-разрабатывается\data\curiosity.json
[2025-08-25 02:29:33,562] DEBUG: [System] Ответ: Вот что я нашёл в своей памяти: деревья — могут — гореть
[2025-08-25 12:44:00,093] DEBUG: [System] RulesEngine инициализирован.
[2025-08-25 12:44:00,096] DEBUG: [System] Добавлено правило: fact_rule_long
[2025-08-25 12:44:00,096] DEBUG: [System] Добавлено правило: fact_rule_short
[2025-08-25 12:44:00,097] DEBUG: [System] Добавлено правило: question_rule
[2025-08-25 12:44:00,765] DEBUG: [System] Токенизатор инициализирован.
[2025-08-25 12:44:00,766] DEBUG: [System] Классификатор инициализирован.
[2025-08-25 12:44:00,766] DEBUG: [System] Классификатор инициализирован.
[2025-08-25 12:44:00,766] DEBUG: [System] Токенизатор инициализирован.
[2025-08-25 12:44:00,793] DEBUG: [Memory] Загружено фактов: 32
[2025-08-25 12:44:00,794] DEBUG: [Memory] Загружено знаний: 0
[2025-08-25 12:44:00,794] INFO: [Memory] Память загружена. Фактов: 32, Знаний: 0
[2025-08-25 12:44:00,794] DEBUG: [System] Модуль Curiosity инициализирован.
[2025-08-25 12:44:00,795] DEBUG: [System] Загружено фраз: 10 из C:\Users\Danil\Desktop\PyGame\Endi-IA\v0.03-разрабатывается\data\curiosity.json
[2025-08-25 12:44:00,795] DEBUG: [System] Любознательность сохранена в C:\Users\Danil\Desktop\PyGame\Endi-IA\v0.03-разрабатывается\data\curiosity.json
[2025-08-25 12:44:00,796] DEBUG: [System] Генератор инициализирован. Память: есть
[2025-08-25 12:44:00,796] DEBUG: [System] Мета-журнал инициализирован. Путь: C:\Users\Danil\Desktop\PyGame\Endi-IA\v0.03-разрабатывается\data\logs\meta_log.txt
[2025-08-25 12:44:00,796] DEBUG: [System] Planner инициализирован.
[2025-08-25 12:44:00,847] DEBUG: [System] Модуль SpellCorrector инициализирован.
[2025-08-25 12:44:00,847] DEBUG: [System] SelfReporter инициализирован. Путь: C:\Users\Danil\Desktop\PyGame\Endi-IA\v0.03-разрабатывается\data\logs\self_report.txt
[2025-08-25 12:44:00,847] DEBUG: [System] Мета-журнал инициализирован. Путь: C:\Users\Danil\Desktop\PyGame\Endi-IA\v0.03-разрабатывается\data\logs\meta_log.txt
[2025-08-25 12:44:00,848] DEBUG: [System] Trainer инициализирован.
[2025-08-25 12:44:23,057] DEBUG: [System] Токенизация завершена: ['привет']
[2025-08-25 12:44:23,057] WARNING: [System] Непонятная фраза: привет
[2025-08-25 12:44:23,057] DEBUG: [System] Лог: Неопознанная фраза добавлена в любознательность
[2025-08-25 12:44:23,058] DEBUG: [System] Запись добавлена в мета-журнал: Я не понял фразу: 'привет'
[2025-08-25 12:44:23,058] DEBUG: [System] Запись добавлена в мета-журнал: Ты можешь объяснить, что значит: 'привет'?
[2025-08-25 12:44:23,058] DEBUG: [System] Запись добавлена в мета-журнал: Цель: Ты можешь объяснить, что значит: 'привет'?
[2025-08-25 12:44:23,058] INFO: [System] Ответ: Я пока не знаю, как на это ответить.
[2025-08-25 12:44:23,062] DEBUG: [System] Лог: Ответ: Я пока не знаю, как на это ответить.
[2025-08-25 12:44:23,063] DEBUG: [System] Запись добавлена в мета-журнал: Я ответил: Я пока не знаю, как на это ответить.
[2025-08-25 12:44:23,063] DEBUG: [System] Любознательность сохранена в C:\Users\Danil\Desktop\PyGame\Endi-IA\v0.03-разрабатывается\data\curiosity.json
[2025-08-25 12:44:28,616] DEBUG: [System] Токенизация завершена: ['кто', 'такой', 'я']
[2025-08-25 12:44:28,616] DEBUG: [System] Применено правило: question_rule
[2025-08-25 12:44:28,616] INFO: [System] Обнаружен вопрос: кто такой я
[2025-08-25 12:44:28,616] DEBUG: [System] Запись добавлена в мета-журнал: Обнаружен вопрос: кто такой я
[2025-08-25 12:44:28,616] DEBUG: [System] Запись добавлена в мета-журнал: Цель: Что значит: 'кто такой я'
[2025-08-25 12:44:28,616] INFO: [System] Ответ найден в памяти по ключевому слову 'я'.
[2025-08-25 12:44:28,616] INFO: [System] Ответ: Вот что я нашёл в своей памяти: деревья — могут — гореть
[2025-08-25 12:44:28,616] DEBUG: [System] Лог: Ответ: Вот что я нашёл в своей памяти: деревья — могут — гореть
[2025-08-25 12:44:28,647] DEBUG: [System] Запись добавлена в мета-журнал: Я ответил: Вот что я нашёл в своей памяти: деревья — могут — гореть
[2025-08-25 12:44:28,647] DEBUG: [System] Любознательность сохранена в C:\Users\Danil\Desktop\PyGame\Endi-IA\v0.03-разрабатывается\data\curiosity.json
[2025-08-25 12:44:43,392] INFO: [System] Уточнение к вопросу: кто такой я
[2025-08-25 12:44:43,392] DEBUG: [System] Токенизация завершена: ['деревья', 'могут', 'греть']
[2025-08-25 12:44:43,392] DEBUG: [System] Применено правило: question_rule
[2025-08-25 12:44:43,392] DEBUG: [Memory] Не удалось извлечь факт: 'деревья могут греть?'
[2025-08-25 12:44:43,392] DEBUG: [System] Запись добавлена в мета-журнал: Уточняющий ответ: деревья могут греть? на вопрос: кто такой я
[2025-08-25 12:44:43,392] DEBUG: [System] Лог: Получено уточнение: деревья могут греть?
[2025-08-25 12:45:12,335] DEBUG: [System] Токенизация завершена: ['деревья', 'могут', 'гореть']
[2025-08-25 12:45:12,336] WARNING: [System] Утверждение отвергнуто: деревья могут гореть
[2025-08-25 12:45:12,336] DEBUG: [System] Лог: Фраза отвергнута: недостаточно структуры.
